==26956== Memcheck, a memory error detector
==26956== Copyright (C) 2002-2017, and GNU GPL'd, by Julian Seward et al.
==26956== Using Valgrind-3.13.0 and LibVEX; rerun with -h for copyright info
==26956== Command: assignment1-award28/test_orig
==26956== 
---- Deque_MyClass, 14
-1
Mary
3
Tom
0
Mike
1
Joe
2
Mary
---- Deque_int, 10
-1
3
0: 0
1: 1
2: 2
10001 max size
2250755 push_backs, 2249612 push_fronts, 2256641 pop_backs, 2253709 pop_fronts, 17 size
Sum of all integers between 0 and 10000000 calculated using a deque is 49999995000000.
0 allocations totalling 0 bytes
==26956== 
==26956== HEAP SUMMARY:
==26956==     in use at exit: 0 bytes in 0 blocks
==26956==   total heap usage: 1,000,118 allocs, 1,000,118 frees, 184,679,360 bytes allocated
==26956== 
==26956== All heap blocks were freed -- no leaks are possible
==26956== 
==26956== For counts of detected and suppressed errors, rerun with: -v
==26956== ERROR SUMMARY: 0 errors from 0 contexts (suppressed: 0 from 0)
==27332== Memcheck, a memory error detector
==27332== Copyright (C) 2002-2017, and GNU GPL'd, by Julian Seward et al.
==27332== Using Valgrind-3.13.0 and LibVEX; rerun with -h for copyright info
==27332== Command: assignment1-award28/all_fns_2
==27332== 
==27332== 
==27332== HEAP SUMMARY:
==27332==     in use at exit: 0 bytes in 0 blocks
==27332==   total heap usage: 4 allocs, 4 frees, 73,288 bytes allocated
==27332== 
==27332== All heap blocks were freed -- no leaks are possible
==27332== 
==27332== For counts of detected and suppressed errors, rerun with: -v
==27332== ERROR SUMMARY: 0 errors from 0 contexts (suppressed: 0 from 0)
==27333== Memcheck, a memory error detector
==27333== Copyright (C) 2002-2017, and GNU GPL'd, by Julian Seward et al.
==27333== Using Valgrind-3.13.0 and LibVEX; rerun with -h for copyright info
==27333== Command: assignment1-award28/all_fns
==27333== 
---- Deque_MyClass, 14
-1
Mary
3
Tom
0
Mike
1
Joe
2
Mary
==27333== 
==27333== HEAP SUMMARY:
==27333==     in use at exit: 0 bytes in 0 blocks
==27333==   total heap usage: 7 allocs, 7 frees, 1,122,152 bytes allocated
==27333== 
==27333== All heap blocks were freed -- no leaks are possible
==27333== 
==27333== For counts of detected and suppressed errors, rerun with: -v
==27333== ERROR SUMMARY: 0 errors from 0 contexts (suppressed: 0 from 0)
==27334== Memcheck, a memory error detector
==27334== Copyright (C) 2002-2017, and GNU GPL'd, by Julian Seward et al.
==27334== Using Valgrind-3.13.0 and LibVEX; rerun with -h for copyright info
==27334== Command: assignment1-award28/attempt
==27334== 
==27334== 
==27334== HEAP SUMMARY:
==27334==     in use at exit: 0 bytes in 0 blocks
==27334==   total heap usage: 1 allocs, 1 frees, 72,704 bytes allocated
==27334== 
==27334== All heap blocks were freed -- no leaks are possible
==27334== 
==27334== For counts of detected and suppressed errors, rerun with: -v
==27334== ERROR SUMMARY: 0 errors from 0 contexts (suppressed: 0 from 0)
==27342== Memcheck, a memory error detector
==27342== Copyright (C) 2002-2017, and GNU GPL'd, by Julian Seward et al.
==27342== Using Valgrind-3.13.0 and LibVEX; rerun with -h for copyright info
==27342== Command: assignment1-award28/basic_fns_test_1
==27342== 
Deque_char
==27342== 
==27342== HEAP SUMMARY:
==27342==     in use at exit: 0 bytes in 0 blocks
==27342==   total heap usage: 4 allocs, 4 frees, 1,121,292 bytes allocated
==27342== 
==27342== All heap blocks were freed -- no leaks are possible
==27342== 
==27342== For counts of detected and suppressed errors, rerun with: -v
==27342== ERROR SUMMARY: 0 errors from 0 contexts (suppressed: 0 from 0)
==27343== Memcheck, a memory error detector
==27343== Copyright (C) 2002-2017, and GNU GPL'd, by Julian Seward et al.
==27343== Using Valgrind-3.13.0 and LibVEX; rerun with -h for copyright info
==27343== Command: assignment1-award28/compatibility_check_2
==27343== 
==27343== 
==27343== HEAP SUMMARY:
==27343==     in use at exit: 0 bytes in 0 blocks
==27343==   total heap usage: 3 allocs, 3 frees, 72,736 bytes allocated
==27343== 
==27343== All heap blocks were freed -- no leaks are possible
==27343== 
==27343== For counts of detected and suppressed errors, rerun with: -v
==27343== ERROR SUMMARY: 0 errors from 0 contexts (suppressed: 0 from 0)
==27344== Memcheck, a memory error detector
==27344== Copyright (C) 2002-2017, and GNU GPL'd, by Julian Seward et al.
==27344== Using Valgrind-3.13.0 and LibVEX; rerun with -h for copyright info
==27344== Command: assignment1-award28/compatibility_check
==27344== 
false
false
false
false
false
false
false
false
false
true
true
true
true
true
==27344== 
==27344== HEAP SUMMARY:
==27344==     in use at exit: 0 bytes in 0 blocks
==27344==   total heap usage: 3 allocs, 3 frees, 1,121,296 bytes allocated
==27344== 
==27344== All heap blocks were freed -- no leaks are possible
==27344== 
==27344== For counts of detected and suppressed errors, rerun with: -v
==27344== ERROR SUMMARY: 0 errors from 0 contexts (suppressed: 0 from 0)
==27345== Memcheck, a memory error detector
==27345== Copyright (C) 2002-2017, and GNU GPL'd, by Julian Seward et al.
==27345== Using Valgrind-3.13.0 and LibVEX; rerun with -h for copyright info
==27345== Command: assignment1-award28/sort
==27345== 
==27345== 
==27345== HEAP SUMMARY:
==27345==     in use at exit: 0 bytes in 0 blocks
==27345==   total heap usage: 35 allocs, 35 frees, 677,792 bytes allocated
==27345== 
==27345== All heap blocks were freed -- no leaks are possible
==27345== 
==27345== For counts of detected and suppressed errors, rerun with: -v
==27345== ERROR SUMMARY: 0 errors from 0 contexts (suppressed: 0 from 0)
